<?xml version="1.0" encoding="utf-8" standalone="no"?>
<!--This file represents the results of running a test suite-->
<test-results name="D:\test\PayrollSystem\PayrollSystem.Tests\bin\Debug\PayrollSystem.Tests.dll" total="12" errors="0" failures="0" not-run="1" inconclusive="0" ignored="1" skipped="0" invalid="0" date="2016-03-16" time="15:36:45">
  <environment nunit-version="2.6.4.14350" clr-version="2.0.50727.8009" os-version="Microsoft Windows NT 6.2.9200.0" platform="Win32NT" cwd="C:\Program Files (x86)\NUnit 2.6.4\bin" machine-name="LENOVO-PC" user="tasleen" user-domain="LENOVO-PC" />
  <culture-info current-culture="en-US" current-uiculture="en-US" />
  <test-suite type="Assembly" name="D:\test\PayrollSystem\PayrollSystem.Tests\bin\Debug\PayrollSystem.Tests.dll" executed="True" result="Success" success="True" time="0.599" asserts="0">
    <results>
      <test-suite type="Namespace" name="PayrollSystem" executed="True" result="Success" success="True" time="0.570" asserts="0">
        <results>
          <test-suite type="Namespace" name="Tests" executed="True" result="Success" success="True" time="0.569" asserts="0">
            <results>
              <test-suite type="TestFixture" name="WhenRunningPayrollSystem" executed="True" result="Success" success="True" time="0.565" asserts="0">
                <results>
                  <test-case name="PayrollSystem.Tests.WhenRunningPayrollSystem.NotImplementedException" executed="False" result="Ignored">
                    <reason>
                      <message><![CDATA[]]></message>
                    </reason>
                  </test-case>
                  <test-case name="PayrollSystem.Tests.WhenRunningPayrollSystem.When_UserEnteredEmployeeType_AnyotherEmployeeType_ResultShouldBeFalse" executed="True" result="Success" success="True" time="0.090" asserts="1" />
                  <test-case name="PayrollSystem.Tests.WhenRunningPayrollSystem.When_UserEnteredEmployeeType_CommissionEmployeeShouldBeSameAsTheOutput_ResultShouldBeTrue" executed="True" result="Success" success="True" time="0.001" asserts="1" />
                  <test-case name="PayrollSystem.Tests.WhenRunningPayrollSystem.When_UserEnteredEmployeeType_HourlyEmployeeShouldBeSameAsTheOutput_ResultShouldBeTrue" executed="True" result="Success" success="True" time="0.001" asserts="1" />
                  <test-case name="PayrollSystem.Tests.WhenRunningPayrollSystem.When_UserEnteredEmployeeType_NullValueEntered_ResultShouldBeFalse" executed="True" result="Success" success="True" time="0.001" asserts="1" />
                  <test-case name="PayrollSystem.Tests.WhenRunningPayrollSystem.When_UserEnteredEmployeeType_SalariedEmployeeShouldBeSameAsTheOutput_ResultShouldBeTrue" executed="True" result="Success" success="True" time="0.001" asserts="1" />
                  <test-case name="PayrollSystem.Tests.WhenRunningPayrollSystem.When_UserEnteredEmployeeType_SalaryBasedCommissionEmployeeShouldBeSameAsTheOutput_ResultShouldBeTrue" executed="True" result="Success" success="True" time="0.001" asserts="1" />
                  <test-case name="PayrollSystem.Tests.WhenRunningPayrollSystem.When_UserEnteredFullName_NullValueEntered_ResultShouldBeFalse" executed="True" result="Success" success="True" time="0.002" asserts="1" />
                  <test-case name="PayrollSystem.Tests.WhenRunningPayrollSystem.When_UserEnteredFullName_ValueCanHaveMiddleName_ResultShouldBeTrue" executed="True" result="Success" success="True" time="0.288" asserts="1" />
                  <test-case name="PayrollSystem.Tests.WhenRunningPayrollSystem.When_UserEnteredFullName_ValueShoudNotHaveTwoWhiteSpaces_ResultShouldBeFalse" executed="True" result="Success" success="True" time="0.008" asserts="1" />
                  <test-case name="PayrollSystem.Tests.WhenRunningPayrollSystem.When_UserEnteredGrossSales_ShouldBeAsExpected_ResultShouldBeTrue" executed="True" result="Success" success="True" time="0.011" asserts="1" />
                  <test-case name="PayrollSystem.Tests.WhenRunningPayrollSystem.When_UserEnteredSSNValue_AnyOtherValue_ResultShouldBeFalse" executed="True" result="Success" success="True" time="0.001" asserts="1" />
                  <test-case name="PayrollSystem.Tests.WhenRunningPayrollSystem.When_UserEnteredSSNValue_FormatShouldBeAsOutput_ResultShouldBeTrue" executed="True" result="Success" success="True" time="0.019" asserts="1" />
                </results>
              </test-suite>
            </results>
          </test-suite>
        </results>
      </test-suite>
    </results>
  </test-suite>
</test-results>