<?xml version="1.0" encoding="utf-8" standalone="no"?>
<!--This file represents the results of running a test suite-->
<test-results name="D:\test\MysqlLogin\AirlineReservationApp.Tests\bin\Debug\AirlineReservationApp.Tests.dll" total="2" errors="0" failures="0" not-run="0" inconclusive="0" ignored="0" skipped="0" invalid="0" date="2016-04-29" time="05:31:22">
  <environment nunit-version="2.6.4.14350" clr-version="2.0.50727.8009" os-version="Microsoft Windows NT 6.2.9200.0" platform="Win32NT" cwd="C:\Program Files (x86)\NUnit 2.6.4\bin" machine-name="LENOVO-PC" user="tasleen" user-domain="LENOVO-PC" />
  <culture-info current-culture="en-US" current-uiculture="en-US" />
  <test-suite type="Assembly" name="D:\test\MysqlLogin\AirlineReservationApp.Tests\bin\Debug\AirlineReservationApp.Tests.dll" executed="True" result="Success" success="True" time="0.831" asserts="0">
    <results>
      <test-suite type="Namespace" name="AirlineReservationApp" executed="True" result="Success" success="True" time="0.771" asserts="0">
        <results>
          <test-suite type="Namespace" name="Tests" executed="True" result="Success" success="True" time="0.769" asserts="0">
            <results>
              <test-suite type="TestFixture" name="WhenRunningAirlineReservationApp" executed="True" result="Success" success="True" time="0.763" asserts="0">
                <results>
                  <test-case name="AirlineReservationApp.Tests.WhenRunningAirlineReservationApp.When_UserEnteredFullName_NullValueEntered_ResultShouldBeFalse" executed="True" result="Success" success="True" time="0.215" asserts="1" />
                  <test-case name="AirlineReservationApp.Tests.WhenRunningAirlineReservationApp.When_UserEnteredFullName_ValueCanHaveMiddleName_ResultShouldBeTrue" executed="True" result="Success" success="True" time="0.397" asserts="1" />
                </results>
              </test-suite>
            </results>
          </test-suite>
        </results>
      </test-suite>
    </results>
  </test-suite>
</test-results>